<?xml version="1.0" encoding="UTF-8"?>
<!-- Generated by org.testng.reporters.JUnitXMLReporter -->
<testsuite ignored="0" hostname="DESKTOP-8OLEE56" failures="0" tests="4" name="Test3" time="0.026" errors="0" timestamp="2022-07-22T19:02:02 IST">
  <testcase classname="testNG.group" name="test_1" time="0.002"/>
  <testcase classname="testNG.group" name="test_2" time="0.002"/>
  <testcase classname="testNG.group" name="test_3" time="0.002"/>
  <testcase classname="testNG.group" name="test_4" time="0.003"/>
</testsuite> <!-- Test3 -->
