<?xml version="1.0" encoding="UTF-8"?>
<testng-results ignored="0" total="1" passed="1" failed="0" skipped="0">
  <reporter-output>
  </reporter-output>
  <suite started-at="2022-07-23T10:46:29 IST" name="Default suite" finished-at="2022-07-23T10:46:33 IST" duration-ms="3888">
    <groups>
    </groups>
    <test started-at="2022-07-23T10:46:29 IST" name="Default test" finished-at="2022-07-23T10:46:33 IST" duration-ms="3888">
      <class name="testNG.excelprogram">
        <test-method signature="test_1()[pri:0, instance:testNG.excelprogram@17046283]" started-at="2022-07-23T10:46:29 IST" name="test_1" finished-at="2022-07-23T10:46:33 IST" duration-ms="3810" status="PASS">
          <reporter-output>
          </reporter-output>
        </test-method> <!-- test_1 -->
      </class> <!-- testNG.excelprogram -->
    </test> <!-- Default test -->
  </suite> <!-- Default suite -->
</testng-results>
